<?xml version="1.0" encoding="UTF-8"?>
<testsuite name="LettersTests" tests="1" skipped="0" failures="0" errors="0" timestamp="2023-09-30T16:58:56" hostname="LG_GRAM_KAARLO" time="0.005">
  <properties/>
  <testcase name="testSolution" classname="LettersTests" time="0.005"/>
  <system-out><![CDATA[]]></system-out>
  <system-err><![CDATA[]]></system-err>
</testsuite>
